{"/Users/nikita/Desktop/work/projects/FinderDev/src/main.tsx": {"path":"/Users/nikita/Desktop/work/projects/FinderDev/src/main.tsx","statementMap":{"0":{"start":{"line":5,"column":0},"end":{"line":9,"column":1}}},"fnMap":{},"branchMap":{},"s":{"0":1},"f":{},"b":{},"_coverageSchema":"1a1c01bbd47fc00a2c39e90264f33305004495a9","hash":"7df58dcf4620ed2029594ced6eb35f3b289dae5a"}
,"/Users/nikita/Desktop/work/projects/FinderDev/src/containers/app/App.tsx": {"path":"/Users/nikita/Desktop/work/projects/FinderDev/src/containers/app/App.tsx","statementMap":{"0":{"start":{"line":7,"column":2},"end":{"line":13,"column":4}}},"fnMap":{"0":{"name":"App","decl":{"start":{"line":6,"column":9},"end":{"line":6,"column":12}},"loc":{"start":{"line":6,"column":15},"end":{"line":14,"column":1}},"line":6}},"branchMap":{},"s":{"0":1},"f":{"0":1},"b":{},"_coverageSchema":"1a1c01bbd47fc00a2c39e90264f33305004495a9","hash":"a2dc3db954a290f5d883853f2765d62f7f7361c4"}
,"/Users/nikita/Desktop/work/projects/FinderDev/src/containers/app/app.styled.ts": {"path":"/Users/nikita/Desktop/work/projects/FinderDev/src/containers/app/app.styled.ts","statementMap":{"0":{"start":{"line":3,"column":25},"end":{"line":10,"column":1}}},"fnMap":{},"branchMap":{},"s":{"0":2},"f":{},"b":{},"_coverageSchema":"1a1c01bbd47fc00a2c39e90264f33305004495a9","hash":"31b3a373743aa6d81b67722d4677c068bddefe52"}
,"/Users/nikita/Desktop/work/projects/FinderDev/src/containers/body/Body.tsx": {"path":"/Users/nikita/Desktop/work/projects/FinderDev/src/containers/body/Body.tsx","statementMap":{"0":{"start":{"line":4,"column":2},"end":{"line":8,"column":4}}},"fnMap":{"0":{"name":"Body","decl":{"start":{"line":3,"column":9},"end":{"line":3,"column":13}},"loc":{"start":{"line":3,"column":16},"end":{"line":9,"column":1}},"line":3}},"branchMap":{},"s":{"0":2},"f":{"0":2},"b":{},"_coverageSchema":"1a1c01bbd47fc00a2c39e90264f33305004495a9","hash":"635d97cb907fa4a2bba17060314e87ec0ebbc7ef"}
,"/Users/nikita/Desktop/work/projects/FinderDev/src/containers/body/body.styled.ts": {"path":"/Users/nikita/Desktop/work/projects/FinderDev/src/containers/body/body.styled.ts","statementMap":{"0":{"start":{"line":3,"column":27},"end":{"line":5,"column":1}}},"fnMap":{},"branchMap":{},"s":{"0":3},"f":{},"b":{},"_coverageSchema":"1a1c01bbd47fc00a2c39e90264f33305004495a9","hash":"ecc794a3172db332ccc595d1d669a9f5dfb0f807"}
,"/Users/nikita/Desktop/work/projects/FinderDev/src/containers/footer/Footer.tsx": {"path":"/Users/nikita/Desktop/work/projects/FinderDev/src/containers/footer/Footer.tsx","statementMap":{"0":{"start":{"line":4,"column":2},"end":{"line":8,"column":4}}},"fnMap":{"0":{"name":"Footer","decl":{"start":{"line":3,"column":9},"end":{"line":3,"column":15}},"loc":{"start":{"line":3,"column":18},"end":{"line":9,"column":1}},"line":3}},"branchMap":{},"s":{"0":2},"f":{"0":2},"b":{},"_coverageSchema":"1a1c01bbd47fc00a2c39e90264f33305004495a9","hash":"fd1f5fac208a5a410f2f5a05e9259186da7b3057"}
,"/Users/nikita/Desktop/work/projects/FinderDev/src/containers/footer/footer.styled.ts": {"path":"/Users/nikita/Desktop/work/projects/FinderDev/src/containers/footer/footer.styled.ts","statementMap":{"0":{"start":{"line":3,"column":29},"end":{"line":5,"column":1}}},"fnMap":{},"branchMap":{},"s":{"0":3},"f":{},"b":{},"_coverageSchema":"1a1c01bbd47fc00a2c39e90264f33305004495a9","hash":"b04448996817976d864d3e31e5d7dc50eeb535f7"}
,"/Users/nikita/Desktop/work/projects/FinderDev/src/containers/header/Header.tsx": {"path":"/Users/nikita/Desktop/work/projects/FinderDev/src/containers/header/Header.tsx","statementMap":{"0":{"start":{"line":4,"column":2},"end":{"line":8,"column":4}}},"fnMap":{"0":{"name":"Header","decl":{"start":{"line":3,"column":9},"end":{"line":3,"column":15}},"loc":{"start":{"line":3,"column":18},"end":{"line":9,"column":1}},"line":3}},"branchMap":{},"s":{"0":2},"f":{"0":2},"b":{},"_coverageSchema":"1a1c01bbd47fc00a2c39e90264f33305004495a9","hash":"9fe807e3871b71c76b1e1923bde95555238b1ec3"}
,"/Users/nikita/Desktop/work/projects/FinderDev/src/containers/header/header.styled.ts": {"path":"/Users/nikita/Desktop/work/projects/FinderDev/src/containers/header/header.styled.ts","statementMap":{"0":{"start":{"line":3,"column":29},"end":{"line":5,"column":1}}},"fnMap":{},"branchMap":{},"s":{"0":3},"f":{},"b":{},"_coverageSchema":"1a1c01bbd47fc00a2c39e90264f33305004495a9","hash":"bcc0cca716ffb9dc41cbbb47ad01dfdcfdbe5dc1"}
}
