{"/Users/nikita/Desktop/work/projects/FinderDev/src/vite-env.d.ts": {"path":"/Users/nikita/Desktop/work/projects/FinderDev/src/vite-env.d.ts","statementMap":{},"fnMap":{},"branchMap":{},"s":{},"f":{},"b":{}}
,"/Users/nikita/Desktop/work/projects/FinderDev/src/commons/types/interfaces.ts": {"path":"/Users/nikita/Desktop/work/projects/FinderDev/src/commons/types/interfaces.ts","statementMap":{},"fnMap":{},"branchMap":{},"s":{},"f":{},"b":{}}
,"/Users/nikita/Desktop/work/projects/FinderDev/src/containers/app/App.tsx": {"path":"/Users/nikita/Desktop/work/projects/FinderDev/src/containers/app/App.tsx","statementMap":{"0":{"start":{"line":2,"column":2},"end":{"line":6,"column":4}}},"fnMap":{"0":{"name":"App","decl":{"start":{"line":1,"column":9},"end":{"line":1,"column":12}},"loc":{"start":{"line":1,"column":15},"end":{"line":7,"column":1}},"line":1}},"branchMap":{},"s":{"0":1},"f":{"0":1},"b":{},"_coverageSchema":"1a1c01bbd47fc00a2c39e90264f33305004495a9","hash":"ca5f14ed754b53be4a08f5738a507a234d1a9f19"}
}
