TN:
SF:src/main.tsx
FNF:0
FNH:0
DA:5,1
LF:1
LH:1
BRF:0
BRH:0
end_of_record
TN:
SF:src/containers/app/App.tsx
FN:6,App
FNF:1
FNH:1
FNDA:1,App
DA:7,1
LF:1
LH:1
BRF:0
BRH:0
end_of_record
TN:
SF:src/containers/app/app.styled.ts
FNF:0
FNH:0
DA:3,2
LF:1
LH:1
BRF:0
BRH:0
end_of_record
TN:
SF:src/containers/body/Body.tsx
FN:3,Body
FNF:1
FNH:1
FNDA:2,Body
DA:4,2
LF:1
LH:1
BRF:0
BRH:0
end_of_record
TN:
SF:src/containers/body/body.styled.ts
FNF:0
FNH:0
DA:3,3
LF:1
LH:1
BRF:0
BRH:0
end_of_record
TN:
SF:src/containers/footer/Footer.tsx
FN:3,Footer
FNF:1
FNH:1
FNDA:2,Footer
DA:4,2
LF:1
LH:1
BRF:0
BRH:0
end_of_record
TN:
SF:src/containers/footer/footer.styled.ts
FNF:0
FNH:0
DA:3,3
LF:1
LH:1
BRF:0
BRH:0
end_of_record
TN:
SF:src/containers/header/Header.tsx
FN:3,Header
FNF:1
FNH:1
FNDA:2,Header
DA:4,2
LF:1
LH:1
BRF:0
BRH:0
end_of_record
TN:
SF:src/containers/header/header.styled.ts
FNF:0
FNH:0
DA:3,3
LF:1
LH:1
BRF:0
BRH:0
end_of_record
